<?xml version="1.0" encoding="UTF-8"?>
<testsuite name="com.example.rqchallenge.service.EmployeeServiceTest" tests="9" skipped="0" failures="0" errors="0" timestamp="2024-07-03T02:17:59" hostname="Rubein" time="1.046">
  <properties/>
  <testcase name="testDeleteEmployee()" classname="com.example.rqchallenge.service.EmployeeServiceTest" time="0.919"/>
  <testcase name="testHighestEmpSalary()" classname="com.example.rqchallenge.service.EmployeeServiceTest" time="0.088"/>
  <testcase name="testDeleteEmployee_notFound_fail()" classname="com.example.rqchallenge.service.EmployeeServiceTest" time="0.003"/>
  <testcase name="testSearchEmployeeByName()" classname="com.example.rqchallenge.service.EmployeeServiceTest" time="0.009"/>
  <testcase name="testTop10Earners()" classname="com.example.rqchallenge.service.EmployeeServiceTest" time="0.008"/>
  <testcase name="testSearchEmployeeByID()" classname="com.example.rqchallenge.service.EmployeeServiceTest" time="0.006"/>
  <testcase name="testCreateEmployee_invalidInput_fail()" classname="com.example.rqchallenge.service.EmployeeServiceTest" time="0.001"/>
  <testcase name="testCreateEmployee()" classname="com.example.rqchallenge.service.EmployeeServiceTest" time="0.001"/>
  <testcase name="testGetAllEmployee_success()" classname="com.example.rqchallenge.service.EmployeeServiceTest" time="0.003"/>
  <system-out><![CDATA[22:18:00.423 [Test worker] INFO com.example.rqchallenge.service.EmployeeService - Deleting employee with ID 1
22:18:00.514 [Test worker] INFO com.example.rqchallenge.service.EmployeeService - Getting highest Salary for Employee
22:18:00.554 [Test worker] INFO com.example.rqchallenge.service.EmployeeService - Deleting employee with ID 30
22:18:00.561 [Test worker] INFO com.example.rqchallenge.service.EmployeeService - Looking for Tiger Nixon
22:18:00.562 [Test worker] INFO com.example.rqchallenge.service.EmployeeService - response {"status":"success","data":[{"id":"1","employee_name":"Tiger Nixon","employee_salary":"1000","employee_age":"25","profile_image":""}],"message":null}
22:18:00.570 [Test worker] INFO com.example.rqchallenge.service.EmployeeService - Looking for TOP 10 highest earner
22:18:00.578 [Test worker] INFO com.example.rqchallenge.service.EmployeeService - Looking for employee with id 1
22:18:00.579 [Test worker] INFO com.example.rqchallenge.service.EmployeeService - response {"status":"success","data":[{"id":"1","employee_name":"Tiger","employee_salary":"1000","employee_age":"25","profile_image":""}],"message":null}
22:18:00.583 [Test worker] INFO com.example.rqchallenge.service.EmployeeService - Creating new Employee
22:18:00.585 [Test worker] INFO com.example.rqchallenge.service.EmployeeService - Creating new Employee
]]></system-out>
  <system-err><![CDATA[]]></system-err>
</testsuite>
